
   FAIL  Tests\Feature\RolePermissionTest
  â¨¯ admin content can manage agendas but cannot delete                  11.69s  
  â¨¯ admin finance can manage transactions but cannot delete              0.13s  
  â¨¯ admin soal can manage categories but cannot delete                   0.12s  
  âœ“ super admin has full access including deletion                       0.13s  
  â”€â”€â”€â”€â”€â”€â”€â”€â”€â”€â”€â”€â”€â”€â”€â”€â”€â”€â”€â”€â”€â”€â”€â”€â”€â”€â”€â”€â”€â”€â”€â”€â”€â”€â”€â”€â”€â”€â”€â”€â”€â”€â”€â”€â”€â”€â”€â”€â”€â”€â”€â”€â”€â”€â”€â”€â”€â”€â”€â”€â”€â”€â”€â”€â”€â”€â”€â”€â”€â”€â”€â”€â”€â”€â”€â”€  
   FAILED  Tests\Feature\RolePermissionTest > adminâ€¦   BadMethodCallException   
  Call to undefined method App\Models\User::getDefaultGuardName()

  at vendor/laravel/framework/src/Illuminate/Support/Traits/ForwardsCalls.php:67
     63â–•      * @throws \BadMethodCallException
     64â–•      */
     65â–•     protected static function throwBadMethodCallException($method)
     66â–•     {
  âžœ  67â–•         throw new BadMethodCallException(sprintf(
     68â–•             'Call to undefined method %s::%s()', static::class, $method
     69â–•         ));
     70â–•     }
     71â–• }

      [2m+3 vendor frames [22m
  4   tests/Feature/RolePermissionTest.php:66

  â”€â”€â”€â”€â”€â”€â”€â”€â”€â”€â”€â”€â”€â”€â”€â”€â”€â”€â”€â”€â”€â”€â”€â”€â”€â”€â”€â”€â”€â”€â”€â”€â”€â”€â”€â”€â”€â”€â”€â”€â”€â”€â”€â”€â”€â”€â”€â”€â”€â”€â”€â”€â”€â”€â”€â”€â”€â”€â”€â”€â”€â”€â”€â”€â”€â”€â”€â”€â”€â”€â”€â”€â”€â”€â”€â”€  
   FAILED  Tests\Feature\RolePermissionTest > admin finance can manage transâ€¦   
  Admin Finance dilarang masuk ke menu Agenda
Failed asserting that true is false.

  at tests/Feature/RolePermissionTest.php:90
     86â–•         // Uji Akses Hapus Konten (Transaction) - HARUS FALSE
     87â–•         $this->assertFalse(TransactionResource::canDeleteAny(), 'Admin Finance TIDAK BOLEH menghapus data pembayaran');
     88â–• 
     89â–•         // Uji Keterasingan Modul: Finance tidak merecoki Modul Konten
  âžœ  90â–•         $this->assertFalse(AgendaResource::canViewAny(), 'Admin Finance dilarang masuk ke menu Agenda');
     91â–•     }
     92â–• 
     93â–•     public function test_admin_soal_can_manage_categories_but_cannot_delete()
     94â–•     {

  1   tests/Feature/RolePermissionTest.php:90

  â”€â”€â”€â”€â”€â”€â”€â”€â”€â”€â”€â”€â”€â”€â”€â”€â”€â”€â”€â”€â”€â”€â”€â”€â”€â”€â”€â”€â”€â”€â”€â”€â”€â”€â”€â”€â”€â”€â”€â”€â”€â”€â”€â”€â”€â”€â”€â”€â”€â”€â”€â”€â”€â”€â”€â”€â”€â”€â”€â”€â”€â”€â”€â”€â”€â”€â”€â”€â”€â”€â”€â”€â”€â”€â”€â”€  
   FAILED  Tests\Feature\RolePermissionTest > admin soal can manage categoriâ€¦   
  Admin Soal dilarang menyentuh transaksi pembayaran
Failed asserting that true is false.

  at tests/Feature/RolePermissionTest.php:107
    103â–•         // Uji Akses Hapus (Category) - HARUS FALSE
    104â–•         $this->assertFalse(CategoryResource::canDeleteAny(), 'Admin Soal TIDAK BOLEH menghapus massal relasi Kategori');
    105â–• 
    106â–•         // Uji Keterasingan Relasi
  âžœ 107â–•         $this->assertFalse(TransactionResource::canViewAny(), 'Admin Soal dilarang menyentuh transaksi pembayaran');
    108â–•     }
    109â–• 
    110â–•     public function test_super_admin_has_full_access_including_deletion()
    111â–•     {

  1   tests/Feature/RolePermissionTest.php:107


  Tests:    3 failed, 1 passed (13 assertions)
  Duration: 12.19s

